<?xml version="1.0" encoding="UTF-8"?>
<testng-results skipped="0" failed="0" total="1" passed="1">
  <reporter-output>
  </reporter-output>
  <suite name="Default suite" duration-ms="14142" started-at="2019-03-25T03:05:29Z" finished-at="2019-03-25T03:05:43Z">
    <groups>
    </groups>
    <test name="Default test" duration-ms="14142" started-at="2019-03-25T03:05:29Z" finished-at="2019-03-25T03:05:43Z">
      <class name="yemian.logins1">
        <test-method status="PASS" signature="caozuo()[pri:0, instance:yemian.logins1@22a71081]" name="caozuo" duration-ms="14130" started-at="2019-03-25T11:05:29Z" finished-at="2019-03-25T11:05:43Z">
          <reporter-output>
          </reporter-output>
        </test-method> <!-- caozuo -->
      </class> <!-- yemian.logins1 -->
    </test> <!-- Default test -->
  </suite> <!-- Default suite -->
</testng-results>
